[10:56:13] [Server thread/INFO]: Starting minecraft server version 15w44a
[10:56:13] [Server thread/WARN]: To start the server with more ram, launch it as "java -Xmx1024M -Xms1024M -jar minecraft_server.jar"
[10:56:13] [Server thread/INFO]: Loading properties
[10:56:13] [Server thread/INFO]: Default game type: ADVENTURE
[10:56:13] [Server thread/INFO]: Generating keypair
[10:56:14] [Server thread/INFO]: Starting Minecraft server on *:25565
[10:56:14] [Server thread/INFO]: Using default channel type
[10:56:14] [Server thread/WARN]: **** SERVER IS RUNNING IN OFFLINE/INSECURE MODE!
[10:56:14] [Server thread/WARN]: The server will make no attempt to authenticate usernames. Beware.
[10:56:14] [Server thread/WARN]: While this makes the game possible to play without internet access, it also opens up the ability for hackers to connect with any username they choose.
[10:56:14] [Server thread/WARN]: To change this, set "online-mode" to "true" in the server.properties file.
[10:56:14] [Server thread/INFO]: Preparing level "starcraft"
[10:56:14] [Server thread/INFO]: Preparing start region for level 0
[10:56:14] [Server thread/INFO]: Done (0.261s)! For help, type "help" or "?"
[10:56:35] [Server thread/INFO]: pixinasty[/127.0.0.1:58257] logged in with entity id 2 at (110.44860556437011, 100.0, 136.3453506640733)
[10:56:35] [Server thread/INFO]: pixinasty joined the game
[11:04:29] [Server thread/INFO]: [@: Block placed]
[11:04:29] [Server thread/INFO]: [@: Block placed]
[11:22:13] [Server thread/INFO]: [pixinasty: 1224 blocks filled]
[11:52:23] [Server thread/INFO]: [pixinasty: 319 blocks filled]
[11:52:33] [Server thread/INFO]: pixinasty lost connection: TextComponent{text='Disconnected', siblings=[], style=Style{hasParent=false, color=null, bold=null, italic=null, underlined=null, obfuscated=null, clickEvent=null, hoverEvent=null, insertion=null}}
[11:52:33] [Server thread/INFO]: pixinasty left the game
